[2021-08-01 12:04:32,681,1690] [AMZBot launched]
[2021-08-01 12:04:42,893,432] [Checking Downloads Directory ...]
[2021-08-01 12:04:42,893,441] [Downloads Directory is clear]
[2021-08-01 12:04:42,893,144] [Selecting date range as: Today]
[2021-08-01 12:04:42,893,895] [Retrieving advertising reports for: ClearBags: Sponsored Display: Campaign]
[2021-08-01 12:04:42,893,184] [Launching chrome browser]
[2021-08-01 12:04:43,752,174] [Selenium patched. Safe to import Chrome / ChromeOptions]
[2021-08-01 12:04:44,190,174] [Selenium patched. Safe to import Chrome / ChromeOptions]
[2021-08-01 12:04:55,318,103] [starting undetected_chromedriver.Chrome((), {'executable_path': 'E:\\AliData\\BotFlocks\\AliBots\\AMZBot\\AMZRes\\bin\\chromedriver.exe', 'options': <selenium.webdriver.chrome.options.Options object at 0x0000029C23D0EDC0>})]
[2021-08-01 12:04:55,326,307] [Signing-in to the Amazon Account: victordwyerv@gmail.com]
[2021-08-01 12:04:55,326,310] [Requesting Amazon: https://www.amazon.com/ Account: victordwyerv@gmail.com]
[2021-08-01 12:05:00,032,314] [Loading cookies ... Account: victordwyerv@gmail.com]
[2021-08-01 12:05:00,768,323] [Cookies login successful ... Account: victordwyerv@gmail.com]
[2021-08-01 12:05:00,776,906] [Navigating to advertising reports]
[2021-08-01 12:11:26,098,1690] [AMZBot launched]
[2021-08-01 12:11:27,614,432] [Checking Downloads Directory ...]
[2021-08-01 12:11:27,629,441] [Downloads Directory is clear]
[2021-08-01 12:11:27,629,144] [Selecting date range as: Today]
[2021-08-01 12:11:27,629,895] [Retrieving advertising reports for: ClearBags: Sponsored Display: Campaign]
[2021-08-01 12:11:27,629,184] [Launching chrome browser]
[2021-08-01 12:11:28,379,174] [Selenium patched. Safe to import Chrome / ChromeOptions]
[2021-08-01 12:11:28,801,174] [Selenium patched. Safe to import Chrome / ChromeOptions]
[2021-08-01 12:11:31,650,103] [starting undetected_chromedriver.Chrome((), {'executable_path': 'E:\\AliData\\BotFlocks\\AliBots\\AMZBot\\AMZRes\\bin\\chromedriver.exe', 'options': <selenium.webdriver.chrome.options.Options object at 0x00000273B0464A30>})]
[2021-08-01 12:11:31,650,307] [Signing-in to the Amazon Account: neema@pirawna.com]
[2021-08-01 12:11:31,650,310] [Requesting Amazon: https://www.amazon.com/ Account: neema@pirawna.com]
[2021-08-01 12:11:33,777,334] [Filling credentials]
[2021-08-01 12:11:41,829,355] [[Captcha filling]
[2021-08-01 12:11:42,441,357] [[Please fill the captcha and continue]
[2021-08-01 12:11:42,441,363] [[OTP has been sent to the phone number]
[2021-08-01 12:11:42,441,364] [[Please fill the OTP and continue !]
[2021-08-01 13:11:20,685,1692] [AMZBot launched]
[2021-08-01 13:11:23,360,434] [Checking Downloads Directory ...]
[2021-08-01 13:11:23,360,443] [Downloads Directory is clear]
[2021-08-01 13:11:23,360,144] [Selecting date range as: Today]
[2021-08-01 13:11:23,360,897] [Retrieving advertising reports for: ClearBags: Sponsored Display: Campaign]
[2021-08-01 13:11:23,360,184] [Launching chrome browser]
[2021-08-01 13:11:24,313,174] [Selenium patched. Safe to import Chrome / ChromeOptions]
[2021-08-01 13:11:24,754,174] [Selenium patched. Safe to import Chrome / ChromeOptions]
[2021-08-01 13:11:28,240,103] [starting undetected_chromedriver.Chrome((), {'executable_path': 'E:\\AliData\\BotFlocks\\AliBots\\AMZBot\\AMZRes\\bin\\chromedriver.exe', 'options': <selenium.webdriver.chrome.options.Options object at 0x000001CD6FA85A00>})]
[2021-08-01 13:11:28,240,307] [Signing-in to Amazon Account: neema@pirawna.com]
[2021-08-01 13:11:28,241,333] [Requesting Amazon: https://www.amazon.com/ap/signin?openid.pape.max_auth_age=0&openid.return_to=https%3A%2F%2Fwww.amazon.com%2F%3Fref_%3Dnav_signin&openid.identity=http%3A%2F%2Fspecs.openid.net%2Fauth%2F2.0%2Fidentifier_select&openid.assoc_handle=usflex&openid.mode=checkid_setup&openid.claimed_id=http%3A%2F%2Fspecs.openid.net%2Fauth%2F2.0%2Fidentifier_select&openid.ns=http%3A%2F%2Fspecs.openid.net%2Fauth%2F2.0& Account: neema@pirawna.com]
[2021-08-01 13:11:30,967,335] [Filling credentials]
[2021-08-01 13:21:00,829,365] [OTP has been sent to the phone number]
[2021-08-01 13:21:00,829,366] [Please fill the OTP and continue !]
[2021-08-01 13:38:15,507,1706] [AMZBot launched]
[2021-08-01 13:38:16,296,448] [Checking Downloads Directory ...]
[2021-08-01 13:38:16,297,457] [Downloads Directory is clear]
[2021-08-01 13:38:16,297,144] [Selecting date range as: Today]
[2021-08-01 13:38:16,297,911] [Retrieving advertising reports for: ClearBags: Sponsored Display: Campaign]
[2021-08-01 13:38:16,298,184] [Launching chrome browser]
[2021-08-01 13:38:16,911,174] [Selenium patched. Safe to import Chrome / ChromeOptions]
[2021-08-01 13:38:17,388,174] [Selenium patched. Safe to import Chrome / ChromeOptions]
[2021-08-01 13:38:19,544,103] [starting undetected_chromedriver.Chrome((), {'executable_path': 'E:\\AliData\\BotFlocks\\AliBots\\AMZBot\\AMZRes\\bin\\chromedriver.exe', 'options': <selenium.webdriver.chrome.options.Options object at 0x00000298BB2C46A0>})]
[2021-08-01 13:38:19,545,307] [Signing-in to Amazon Account: neema@pirawna.com]
[2021-08-01 13:38:19,547,333] [Requesting Amazon: https://www.amazon.com/ap/signin?openid.pape.max_auth_age=0&openid.return_to=https%3A%2F%2Fwww.amazon.com%2F%3Fref_%3Dnav_signin&openid.identity=http%3A%2F%2Fspecs.openid.net%2Fauth%2F2.0%2Fidentifier_select&openid.assoc_handle=usflex&openid.mode=checkid_setup&openid.claimed_id=http%3A%2F%2Fspecs.openid.net%2Fauth%2F2.0%2Fidentifier_select&openid.ns=http%3A%2F%2Fspecs.openid.net%2Fauth%2F2.0& Account: neema@pirawna.com]
[2021-08-01 13:38:22,151,335] [Filling credentials]
[2021-08-01 13:38:58,906,1706] [AMZBot launched]
[2021-08-01 13:38:59,716,448] [Checking Downloads Directory ...]
[2021-08-01 13:38:59,716,457] [Downloads Directory is clear]
[2021-08-01 13:38:59,716,144] [Selecting date range as: Today]
[2021-08-01 13:38:59,716,911] [Retrieving advertising reports for: ClearBags: Sponsored Display: Campaign]
[2021-08-01 13:38:59,716,184] [Launching chrome browser]
[2021-08-01 13:39:00,104,174] [Selenium patched. Safe to import Chrome / ChromeOptions]
[2021-08-01 13:39:00,541,174] [Selenium patched. Safe to import Chrome / ChromeOptions]
[2021-08-01 13:39:02,788,103] [starting undetected_chromedriver.Chrome((), {'executable_path': 'E:\\AliData\\BotFlocks\\AliBots\\AMZBot\\AMZRes\\bin\\chromedriver.exe', 'options': <selenium.webdriver.chrome.options.Options object at 0x00000141747374C0>})]
[2021-08-01 13:39:02,788,307] [Signing-in to Amazon Account: neema@pirawna.com]
[2021-08-01 13:39:02,789,333] [Requesting Amazon: https://www.amazon.com/ap/signin?openid.pape.max_auth_age=0&openid.return_to=https%3A%2F%2Fwww.amazon.com%2F%3Fref_%3Dnav_signin&openid.identity=http%3A%2F%2Fspecs.openid.net%2Fauth%2F2.0%2Fidentifier_select&openid.assoc_handle=usflex&openid.mode=checkid_setup&openid.claimed_id=http%3A%2F%2Fspecs.openid.net%2Fauth%2F2.0%2Fidentifier_select&openid.ns=http%3A%2F%2Fspecs.openid.net%2Fauth%2F2.0& Account: neema@pirawna.com]
[2021-08-01 13:39:04,560,335] [Filling credentials]
[2021-08-01 13:39:07,647,342] [Switching amazon account]
[2021-08-01 13:39:17,881,373] [Password filling]
[2021-08-01 13:39:17,984,375] [Please fill the captcha and continue]
[2021-08-01 13:39:22,991,922] [Navigating to advertising reports]
[2021-08-01 13:39:30,083,708] [Checking current selected account ...]
[2021-08-01 13:39:31,192,713] [Current selected account: OMG Nutrition United States]
[2021-08-01 13:39:33,053,736] [Switching account to: ClearBags, Location: United States]
[2021-08-01 13:39:33,054,737] [Waiting for accounts]
[2021-08-01 13:39:34,102,740] [Accounts have been found]
[2021-08-01 13:39:34,102,743] [Getting account ids]
[2021-08-01 13:39:37,860,754] [Account not found!]
[2021-08-01 13:39:39,884,758] [Selecting first account!: OMG Nutrition Account ID: A2IBXT4FFNNZNJ, United States]
[2021-08-01 13:39:45,966,936] [Retrieving advertising reports for: 08/01/2021 - 08/01/2021]
[2021-08-01 13:39:45,966,937] [Creating advertising reports]
[2021-08-01 13:39:45,966,940] [Waiting for creating report]
[2021-08-01 13:39:46,515,948] [Waiting for campaigns]
[2021-08-01 13:39:47,660,954] [Selecting campaign type: Sponsored Display]
[2021-08-01 13:39:48,013,960] [Campaign type has been selected: Sponsored Display]
[2021-08-01 13:39:49,017,964] [Selecting report type: Campaign]
[2021-08-01 13:39:50,275,974] [Report type has been selected: Campaign]
[2021-08-01 13:39:51,412,979] [Waiting for time unit]
[2021-08-01 13:42:22,499,1710] [AMZBot launched]
[2021-08-01 13:42:23,369,452] [Checking Downloads Directory ...]
[2021-08-01 13:42:23,369,461] [Downloads Directory is clear]
[2021-08-01 13:42:23,369,144] [Selecting date range as: Today]
[2021-08-01 13:42:23,370,915] [Retrieving advertising reports for: ClearBags: Sponsored Display: Campaign]
[2021-08-01 13:42:23,370,184] [Launching chrome browser]
[2021-08-01 13:42:23,774,174] [Selenium patched. Safe to import Chrome / ChromeOptions]
[2021-08-01 13:42:24,188,174] [Selenium patched. Safe to import Chrome / ChromeOptions]
[2021-08-01 13:42:26,373,103] [starting undetected_chromedriver.Chrome((), {'executable_path': 'E:\\AliData\\BotFlocks\\AliBots\\AMZBot\\AMZRes\\bin\\chromedriver.exe', 'options': <selenium.webdriver.chrome.options.Options object at 0x000002908B949700>})]
[2021-08-01 13:42:26,373,307] [Signing-in to Amazon Account: neema@pirawna.com]
[2021-08-01 13:42:26,375,333] [Requesting Amazon: https://www.amazon.com/ap/signin?openid.pape.max_auth_age=0&openid.return_to=https%3A%2F%2Fwww.amazon.com%2F%3Fref_%3Dnav_signin&openid.identity=http%3A%2F%2Fspecs.openid.net%2Fauth%2F2.0%2Fidentifier_select&openid.assoc_handle=usflex&openid.mode=checkid_setup&openid.claimed_id=http%3A%2F%2Fspecs.openid.net%2Fauth%2F2.0%2Fidentifier_select&openid.ns=http%3A%2F%2Fspecs.openid.net%2Fauth%2F2.0& Account: neema@pirawna.com]
[2021-08-01 13:42:28,310,335] [Filling credentials]
[2021-08-01 13:42:31,399,342] [Switching amazon account]
[2021-08-01 13:42:33,523,345] [Switch clicked]
[2021-08-01 13:42:34,678,349] [Add account clicked]
[2021-08-01 13:42:42,773,377] [Password filling]
[2021-08-01 13:42:42,888,379] [Please fill the captcha and continue]
[2021-08-01 13:42:47,916,926] [Navigating to advertising reports]
[2021-08-01 13:44:20,641,1710] [AMZBot launched]
[2021-08-01 13:44:21,612,452] [Checking Downloads Directory ...]
[2021-08-01 13:44:21,613,461] [Downloads Directory is clear]
[2021-08-01 13:44:21,613,144] [Selecting date range as: Today]
[2021-08-01 13:44:21,613,915] [Retrieving advertising reports for: ClearBags: Sponsored Display: Campaign]
[2021-08-01 13:44:21,614,184] [Launching chrome browser]
[2021-08-01 13:44:22,345,174] [Selenium patched. Safe to import Chrome / ChromeOptions]
[2021-08-01 13:44:22,747,174] [Selenium patched. Safe to import Chrome / ChromeOptions]
[2021-08-01 13:44:25,225,103] [starting undetected_chromedriver.Chrome((), {'executable_path': 'E:\\AliData\\BotFlocks\\AliBots\\AMZBot\\AMZRes\\bin\\chromedriver.exe', 'options': <selenium.webdriver.chrome.options.Options object at 0x000001CF36314D00>})]
[2021-08-01 13:44:25,225,307] [Signing-in to Amazon Account: neema@pirawna.com]
[2021-08-01 13:44:25,226,333] [Requesting Amazon: https://www.amazon.com/ap/signin?openid.pape.max_auth_age=0&openid.return_to=https%3A%2F%2Fwww.amazon.com%2F%3Fref_%3Dnav_signin&openid.identity=http%3A%2F%2Fspecs.openid.net%2Fauth%2F2.0%2Fidentifier_select&openid.assoc_handle=usflex&openid.mode=checkid_setup&openid.claimed_id=http%3A%2F%2Fspecs.openid.net%2Fauth%2F2.0%2Fidentifier_select&openid.ns=http%3A%2F%2Fspecs.openid.net%2Fauth%2F2.0& Account: neema@pirawna.com]
[2021-08-01 13:44:27,523,335] [Filling credentials]
[2021-08-01 13:44:30,634,342] [Switching amazon account]
[2021-08-01 13:44:33,989,348] [Adding new account]
[2021-08-01 13:46:07,599,1711] [AMZBot launched]
[2021-08-01 13:46:08,507,453] [Checking Downloads Directory ...]
[2021-08-01 13:46:08,508,462] [Downloads Directory is clear]
[2021-08-01 13:46:08,508,144] [Selecting date range as: Today]
[2021-08-01 13:46:08,509,916] [Retrieving advertising reports for: ClearBags: Sponsored Display: Campaign]
[2021-08-01 13:46:08,509,184] [Launching chrome browser]
[2021-08-01 13:46:08,973,174] [Selenium patched. Safe to import Chrome / ChromeOptions]
[2021-08-01 13:46:09,374,174] [Selenium patched. Safe to import Chrome / ChromeOptions]
[2021-08-01 13:46:11,614,103] [starting undetected_chromedriver.Chrome((), {'executable_path': 'E:\\AliData\\BotFlocks\\AliBots\\AMZBot\\AMZRes\\bin\\chromedriver.exe', 'options': <selenium.webdriver.chrome.options.Options object at 0x00000191C1296160>})]
[2021-08-01 13:46:11,615,307] [Signing-in to Amazon Account: neema@pirawna.com]
[2021-08-01 13:46:11,616,333] [Requesting Amazon: https://www.amazon.com/ap/signin?openid.pape.max_auth_age=0&openid.return_to=https%3A%2F%2Fwww.amazon.com%2F%3Fref_%3Dnav_signin&openid.identity=http%3A%2F%2Fspecs.openid.net%2Fauth%2F2.0%2Fidentifier_select&openid.assoc_handle=usflex&openid.mode=checkid_setup&openid.claimed_id=http%3A%2F%2Fspecs.openid.net%2Fauth%2F2.0%2Fidentifier_select&openid.ns=http%3A%2F%2Fspecs.openid.net%2Fauth%2F2.0& Account: neema@pirawna.com]
[2021-08-01 13:46:13,721,335] [Filling credentials]
[2021-08-01 13:46:16,830,342] [Switching amazon account]
[2021-08-01 13:46:21,209,349] [Adding new account]
[2021-08-01 13:55:39,745,1710] [AMZBot launched]
[2021-08-01 13:55:40,522,452] [Checking Downloads Directory ...]
[2021-08-01 13:55:40,523,461] [Downloads Directory is clear]
[2021-08-01 13:55:40,523,144] [Selecting date range as: Today]
[2021-08-01 13:55:40,523,915] [Retrieving advertising reports for: ClearBags: Sponsored Display: Campaign]
[2021-08-01 13:55:40,524,184] [Launching chrome browser]
[2021-08-01 13:55:41,149,174] [Selenium patched. Safe to import Chrome / ChromeOptions]
[2021-08-01 13:55:41,486,174] [Selenium patched. Safe to import Chrome / ChromeOptions]
[2021-08-01 13:55:43,634,103] [starting undetected_chromedriver.Chrome((), {'executable_path': 'E:\\AliData\\BotFlocks\\AliBots\\AMZBot\\AMZRes\\bin\\chromedriver.exe', 'options': <selenium.webdriver.chrome.options.Options object at 0x000002898B0795E0>})]
[2021-08-01 13:55:43,636,307] [Signing-in to Amazon account: neema@pirawna.com]
[2021-08-01 13:55:43,637,333] [Requesting Amazon: https://www.amazon.com/ap/signin?openid.pape.max_auth_age=0&openid.return_to=https%3A%2F%2Fwww.amazon.com%2F%3Fref_%3Dnav_signin&openid.identity=http%3A%2F%2Fspecs.openid.net%2Fauth%2F2.0%2Fidentifier_select&openid.assoc_handle=usflex&openid.mode=checkid_setup&openid.claimed_id=http%3A%2F%2Fspecs.openid.net%2Fauth%2F2.0%2Fidentifier_select&openid.ns=http%3A%2F%2Fspecs.openid.net%2Fauth%2F2.0& Account: neema@pirawna.com]
[2021-08-01 13:55:46,544,335] [Filling credentials]
[2021-08-01 13:55:49,641,342] [Switching amazon account]
[2021-08-01 13:55:55,051,348] [Adding new account]
[2021-08-01 13:56:05,631,370] [OTP has been sent to the phone number]
[2021-08-01 13:56:05,631,371] [Please fill the OTP and continue !]
[2021-08-01 13:56:13,777,926] [Navigating to advertising reports]
[2021-08-01 13:56:22,124,712] [Checking current selected account ...]
[2021-08-01 13:56:23,310,717] [Current selected account: OMG Nutrition United States]
[2021-08-01 13:56:25,426,740] [Switching account to: ClearBags, Location: United States]
[2021-08-01 13:56:25,426,741] [Waiting for accounts]
[2021-08-01 13:56:26,477,744] [Accounts have been found]
[2021-08-01 13:56:26,477,747] [Getting account ids]
[2021-08-01 13:59:12,245,1710] [AMZBot launched]
[2021-08-01 13:59:13,037,452] [Checking Downloads Directory ...]
[2021-08-01 13:59:13,037,461] [Downloads Directory is clear]
[2021-08-01 13:59:13,038,144] [Selecting date range as: Today]
[2021-08-01 13:59:13,038,915] [Retrieving advertising reports for: ClearBags: Sponsored Display: Campaign]
[2021-08-01 13:59:13,038,184] [Launching chrome browser]
[2021-08-01 13:59:14,103,174] [Selenium patched. Safe to import Chrome / ChromeOptions]
[2021-08-01 13:59:14,500,174] [Selenium patched. Safe to import Chrome / ChromeOptions]
[2021-08-01 13:59:16,710,103] [starting undetected_chromedriver.Chrome((), {'executable_path': 'E:\\AliData\\BotFlocks\\AliBots\\AMZBot\\AMZRes\\bin\\chromedriver.exe', 'options': <selenium.webdriver.chrome.options.Options object at 0x0000012AFD6051F0>})]
[2021-08-01 13:59:16,711,307] [Signing-in to Amazon account: neema@pirawna.com]
[2021-08-01 13:59:16,712,333] [Requesting Amazon: https://www.amazon.com/ap/signin?openid.pape.max_auth_age=0&openid.return_to=https%3A%2F%2Fwww.amazon.com%2F%3Fref_%3Dnav_signin&openid.identity=http%3A%2F%2Fspecs.openid.net%2Fauth%2F2.0%2Fidentifier_select&openid.assoc_handle=usflex&openid.mode=checkid_setup&openid.claimed_id=http%3A%2F%2Fspecs.openid.net%2Fauth%2F2.0%2Fidentifier_select&openid.ns=http%3A%2F%2Fspecs.openid.net%2Fauth%2F2.0& Account: neema@pirawna.com]
[2021-08-01 13:59:19,038,335] [Filling credentials]
[2021-08-01 13:59:22,132,342] [Switching amazon account]
[2021-08-01 13:59:26,524,348] [Adding new account]
[2021-08-01 13:59:36,304,370] [OTP has been sent to the phone number]
[2021-08-01 13:59:36,304,371] [Please fill the OTP and continue !]
[2021-10-16 04:19:41,456,1707] [AMZBot launched]
[2021-10-16 04:20:51,694,1707] [AMZBot launched]
[2021-10-16 04:20:51,695,139] [Launching chrome browser]
[2021-10-16 04:20:52,311,179] [Selenium patched. Safe to import Chrome / ChromeOptions]
[2021-10-16 04:20:52,694,179] [Selenium patched. Safe to import Chrome / ChromeOptions]
[2021-10-16 04:21:42,164,1707] [AMZBot launched]
[2021-10-16 04:21:42,173,139] [Launching chrome browser]
[2021-10-16 04:21:42,678,179] [Selenium patched. Safe to import Chrome / ChromeOptions]
[2021-10-16 04:21:43,079,179] [Selenium patched. Safe to import Chrome / ChromeOptions]
